hotspot-ui/build/intermediates/manifest_merge_blame_file/debug/manifest-merger-blame-debug-report.txt
1<?xml version="1.0" encoding="utf-8"?>
2<!--
3  ~ Copyright (C) 2019 Veli Tasalı
4  ~
5  ~ This program is free software; you can redistribute it and/or
6  ~ modify it under the terms of the GNU General Public License
7  ~ as published by the Free Software Foundation; either version 2
8  ~ of the License, or (at your option) any later version.
9  ~
10  ~ This program is distributed in the hope that it will be useful,
11  ~ but WITHOUT ANY WARRANTY; without even the implied warranty of
12  ~ MERCHANTABILITY or FITNESS FOR A PARTICULAR PURPOSE.  See the
13  ~ GNU General Public License for more details.
14  ~
15  ~ You should have received a copy of the GNU General Public License
16  ~ along with this program; if not, write to the Free Software
17  ~ Foundation, Inc., 51 Franklin Street, Fifth Floor, Boston, MA  02110-1301, USA.
18-->
19<manifest xmlns:android="http://schemas.android.com/apk/res/android"
20    xmlns:tools="http://schemas.android.com/tools"
21    package="org.monora.uprotocol.client.android" >
22
23    <uses-sdk
24        android:minSdkVersion="21"
24-->src/main/AndroidManifest.xml
25        android:targetSdkVersion="30" />
25-->src/main/AndroidManifest.xml
26
27    <uses-permission-sdk-23 android:name="android.permission.ACCESS_COARSE_LOCATION" />
27-->src/main/AndroidManifest.xml:23:5-88
27-->src/main/AndroidManifest.xml:23:29-85
28    <uses-permission-sdk-23 android:name="android.permission.ACCESS_FINE_LOCATION" />
28-->src/main/AndroidManifest.xml:24:5-86
28-->src/main/AndroidManifest.xml:24:29-83
29
30    <uses-permission android:name="android.permission.ACCESS_WIFI_STATE" />
30-->src/main/AndroidManifest.xml:26:5-76
30-->src/main/AndroidManifest.xml:26:22-73
31    <uses-permission android:name="android.permission.CHANGE_WIFI_STATE" />
31-->src/main/AndroidManifest.xml:27:5-76
31-->src/main/AndroidManifest.xml:27:22-73
32    <uses-permission android:name="android.permission.CHANGE_NETWORK_STATE" />
32-->src/main/AndroidManifest.xml:28:5-79
32-->src/main/AndroidManifest.xml:28:22-76
33    <uses-permission android:name="android.permission.FOREGROUND_SERVICE" />
33-->src/main/AndroidManifest.xml:29:5-77
33-->src/main/AndroidManifest.xml:29:22-74
34    <uses-permission
34-->src/main/AndroidManifest.xml:30:5-32:53
35        android:name="android.permission.QUERY_ALL_PACKAGES"
35-->src/main/AndroidManifest.xml:31:9-61
36        tools:ignore="QueryAllPackagesPermission" />
36-->src/main/AndroidManifest.xml:32:9-50
37    <uses-permission android:name="android.permission.REQUEST_INSTALL_PACKAGES" />
37-->src/main/AndroidManifest.xml:33:5-83
37-->src/main/AndroidManifest.xml:33:22-80
38    <uses-permission android:name="android.permission.SYSTEM_ALERT_WINDOW" />
38-->src/main/AndroidManifest.xml:34:5-78
38-->src/main/AndroidManifest.xml:34:22-75
39    <uses-permission android:name="android.permission.WAKE_LOCK" />
39-->src/main/AndroidManifest.xml:35:5-68
39-->src/main/AndroidManifest.xml:35:22-65
40    <uses-permission android:name="android.permission.WRITE_EXTERNAL_STORAGE" />
40-->src/main/AndroidManifest.xml:36:5-81
40-->src/main/AndroidManifest.xml:36:22-78
41    <uses-permission android:name="android.permission.READ_EXTERNAL_STORAGE" />
41-->src/main/AndroidManifest.xml:37:5-80
41-->src/main/AndroidManifest.xml:37:22-77
42    <uses-permission android:name="android.permission.VIBRATE" />
42-->src/main/AndroidManifest.xml:38:5-66
42-->src/main/AndroidManifest.xml:38:22-63
43    <uses-permission android:name="android.permission.WRITE_SETTINGS" />
43-->src/main/AndroidManifest.xml:39:5-73
43-->src/main/AndroidManifest.xml:39:22-70
44    <uses-permission android:name="android.permission.MODIFY_AUDIO_SETTINGS" />
44-->src/main/AndroidManifest.xml:40:5-80
44-->src/main/AndroidManifest.xml:40:22-77
45
46    <application android:name="org.monora.uprotocol.client.android.app.FileExplorer" >
46-->src/main/AndroidManifest.xml:42:5-156:19
46-->src/main/AndroidManifest.xml:43:9-76
47        <activity
47-->src/main/AndroidManifest.xml:45:9-71:20
48            android:name="org.monora.uprotocol.client.android.activity.HomeActivity"
48-->src/main/AndroidManifest.xml:46:13-85
49            android:exported="true"
49-->src/main/AndroidManifest.xml:47:13-36
50            android:label="@string/app_name"
50-->src/main/AndroidManifest.xml:48:13-45
51            android:launchMode="singleTask"
51-->src/main/AndroidManifest.xml:49:13-44
52            android:theme="@style/Theme.TrebleShot.NoActionBar" >
52-->src/main/AndroidManifest.xml:50:13-64
53            <intent-filter>
53-->src/main/AndroidManifest.xml:52:13-54:29
54                <action android:name="android.service.quicksettings.action.QS_TILE_PREFERENCES" />
54-->src/main/AndroidManifest.xml:53:17-99
54-->src/main/AndroidManifest.xml:53:25-96
55            </intent-filter>
56            <intent-filter>
56-->src/main/AndroidManifest.xml:55:13-70:29
57                <action android:name="android.intent.action.VIEW" />
57-->src/main/AndroidManifest.xml:56:17-69
57-->src/main/AndroidManifest.xml:56:25-66
58
59                <category android:name="android.intent.category.DEFAULT" />
59-->src/main/AndroidManifest.xml:58:17-76
59-->src/main/AndroidManifest.xml:58:27-73
60                <category android:name="android.intent.category.BROWSABLE" />
60-->src/main/AndroidManifest.xml:59:17-78
60-->src/main/AndroidManifest.xml:59:27-75
61
62                <data android:scheme="file" />
62-->src/main/AndroidManifest.xml:61:17-47
62-->src/main/AndroidManifest.xml:61:23-44
63                <data android:scheme="content" />
63-->src/main/AndroidManifest.xml:61:17-47
63-->src/main/AndroidManifest.xml:61:23-44
64                <data android:mimeType="*/*" />
64-->src/main/AndroidManifest.xml:61:17-47
64-->src/main/AndroidManifest.xml:63:23-45
65                <data android:host="*" />
65-->src/main/AndroidManifest.xml:61:17-47
65-->src/main/AndroidManifest.xml:65:23-39
66                <!-- expected file name pattern .5435-4543-4354-ewrw.tshare[.txt] -->
67                <data android:pathPattern=".*\\.tshare" />
67-->src/main/AndroidManifest.xml:61:17-47
67-->src/main/AndroidManifest.xml:67:23-56
68                <data android:pathPattern=".*\\.tshare\\.*" />
68-->src/main/AndroidManifest.xml:61:17-47
68-->src/main/AndroidManifest.xml:67:23-56
69                <data android:pathPattern=".*\\..*\\.tshare" />
69-->src/main/AndroidManifest.xml:61:17-47
69-->src/main/AndroidManifest.xml:67:23-56
70            </intent-filter>
71        </activity>
72        <activity
72-->src/main/AndroidManifest.xml:73:9-88:20
73            android:name="org.monora.uprotocol.client.android.activity.SharingActivity"
73-->src/main/AndroidManifest.xml:74:13-88
74            android:exported="true"
74-->src/main/AndroidManifest.xml:75:13-36
75            android:label="@string/app_name" >
75-->src/main/AndroidManifest.xml:76:13-45
76            <intent-filter>
76-->src/main/AndroidManifest.xml:77:13-83:29
77                <action android:name="android.intent.action.SEND" />
77-->src/main/AndroidManifest.xml:78:17-69
77-->src/main/AndroidManifest.xml:78:25-66
78                <action android:name="android.intent.action.SEND_MULTIPLE" />
78-->src/main/AndroidManifest.xml:79:17-78
78-->src/main/AndroidManifest.xml:79:25-75
79
80                <category android:name="android.intent.category.DEFAULT" />
80-->src/main/AndroidManifest.xml:58:17-76
80-->src/main/AndroidManifest.xml:58:27-73
81
82                <data android:mimeType="*/*" />
82-->src/main/AndroidManifest.xml:61:17-47
82-->src/main/AndroidManifest.xml:63:23-45
83            </intent-filter>
84
85            <!--
86                <meta-data
87                android:name="android.service.chooser.chooser_target_service"
88                android:value=".service.DeviceChooserService" />
89            -->
90        </activity>
91        <activity
91-->src/main/AndroidManifest.xml:90:9-100:20
92            android:name="org.monora.uprotocol.client.android.activity.ContentBrowserActivity"
92-->src/main/AndroidManifest.xml:91:13-95
93            android:label="@string/sends"
93-->src/main/AndroidManifest.xml:92:13-42
94            android:launchMode="singleTask"
94-->src/main/AndroidManifest.xml:93:13-44
95            android:parentActivityName="org.monora.uprotocol.client.android.activity.HomeActivity"
95-->src/main/AndroidManifest.xml:95:13-99
96            android:theme="@style/Theme.TrebleShot.NoActionBar"
96-->src/main/AndroidManifest.xml:94:13-64
97            tools:targetApi="jelly_bean" >
97-->src/main/AndroidManifest.xml:96:13-41
98            <meta-data
98-->src/main/AndroidManifest.xml:97:13-99:93
99                android:name="android.support.PARENT_ACTIVITY"
99-->src/main/AndroidManifest.xml:98:17-63
100                android:value="org.monora.uprotocol.client.android.activity.HomeActivity" />
100-->src/main/AndroidManifest.xml:99:17-90
101        </activity>
102        <activity
102-->src/main/AndroidManifest.xml:102:9-105:67
103            android:name="org.monora.uprotocol.client.android.activity.WelcomeActivity"
103-->src/main/AndroidManifest.xml:103:13-88
104            android:label="@string/welcome"
104-->src/main/AndroidManifest.xml:104:13-44
105            android:theme="@style/Theme.TrebleShot.NoActionBar" />
105-->src/main/AndroidManifest.xml:105:13-64
106        <activity
106-->src/main/AndroidManifest.xml:107:9-111:102
107            android:name="org.monora.uprotocol.client.android.activity.PackageInstallerActivity"
107-->src/main/AndroidManifest.xml:108:13-62
108            android:label="@string/install_package"
108-->src/main/AndroidManifest.xml:110:13-52
109            android:launchMode="singleTop"
109-->src/main/AndroidManifest.xml:109:13-43
110            android:parentActivityName="org.monora.uprotocol.client.android.activity.HomeActivity" />
110-->src/main/AndroidManifest.xml:111:13-99
111        <activity
111-->src/main/AndroidManifest.xml:113:9-132:20
112            android:name="com.leaf.explorer.MusicActivity"
112-->src/main/AndroidManifest.xml:114:13-59
113            android:exported="true"
113-->src/main/AndroidManifest.xml:117:13-36
114            android:label="@string/music"
114-->src/main/AndroidManifest.xml:115:13-42
115            android:theme="@style/Theme.TrebleShot.NoActionBar" >
115-->src/main/AndroidManifest.xml:116:13-64
116            <intent-filter>
116-->src/main/AndroidManifest.xml:118:13-123:29
117                <action android:name="android.intent.action.MUSIC_PLAYER" />
117-->src/main/AndroidManifest.xml:119:17-77
117-->src/main/AndroidManifest.xml:119:25-74
118
119                <category android:name="android.intent.category.APP_MUSIC" />
119-->src/main/AndroidManifest.xml:121:17-78
119-->src/main/AndroidManifest.xml:121:27-75
120                <category android:name="android.intent.category.DEFAULT" />
120-->src/main/AndroidManifest.xml:58:17-76
120-->src/main/AndroidManifest.xml:58:27-73
121            </intent-filter>
122            <intent-filter>
122-->src/main/AndroidManifest.xml:124:13-131:29
123                <action android:name="android.intent.action.VIEW" />
123-->src/main/AndroidManifest.xml:56:17-69
123-->src/main/AndroidManifest.xml:56:25-66
124
125                <category android:name="android.intent.category.DEFAULT" />
125-->src/main/AndroidManifest.xml:58:17-76
125-->src/main/AndroidManifest.xml:58:27-73
126
127                <data android:scheme="content" />
127-->src/main/AndroidManifest.xml:61:17-47
127-->src/main/AndroidManifest.xml:61:23-44
128                <data android:mimeType="audio/*" />
128-->src/main/AndroidManifest.xml:61:17-47
128-->src/main/AndroidManifest.xml:63:23-45
129            </intent-filter>
130        </activity>
131
132        <receiver android:name="org.monora.uprotocol.client.android.receiver.BgBroadcastReceiver" />
132-->src/main/AndroidManifest.xml:134:9-66
132-->src/main/AndroidManifest.xml:134:19-63
133
134        <service
134-->src/main/AndroidManifest.xml:136:9-140:58
135            android:name="org.monora.uprotocol.client.android.service.BackgroundService"
135-->src/main/AndroidManifest.xml:137:13-89
136            android:enabled="true"
136-->src/main/AndroidManifest.xml:138:13-35
137            android:exported="false"
137-->src/main/AndroidManifest.xml:139:13-37
138            android:label="@string/background_service" />
138-->src/main/AndroidManifest.xml:140:13-55
139        <service
139-->src/main/AndroidManifest.xml:142:9-151:19
140            android:name="org.monora.uprotocol.client.android.service.TogglingTileService"
140-->src/main/AndroidManifest.xml:143:13-91
141            android:exported="true"
141-->src/main/AndroidManifest.xml:144:13-36
142            android:icon="@drawable/ic_trebleshot"
142-->src/main/AndroidManifest.xml:145:13-51
143            android:label="@string/run_in_background"
143-->src/main/AndroidManifest.xml:146:13-54
144            android:permission="android.permission.BIND_QUICK_SETTINGS_TILE" >
144-->src/main/AndroidManifest.xml:147:13-77
145            <intent-filter>
145-->src/main/AndroidManifest.xml:148:13-150:29
146                <action android:name="android.service.quicksettings.action.QS_TILE" />
146-->src/main/AndroidManifest.xml:149:17-87
146-->src/main/AndroidManifest.xml:149:25-84
147            </intent-filter>
148        </service>
149        <service
149-->src/main/AndroidManifest.xml:153:9-155:40
150            android:name="com.leaf.explorer.player.PlayerService"
150-->src/main/AndroidManifest.xml:154:13-66
151            android:exported="false" />
151-->src/main/AndroidManifest.xml:155:13-37
152    </application>
153
154</manifest>